[2026-03-05 12:19:01] ============================================================
[2026-03-05 12:19:01] DYNAMIC DATA PULLER STARTING
[2026-03-05 12:19:01] ============================================================
[2026-03-05 12:19:01] Mode: NORMAL (pulling 5m data)
[2026-03-05 12:19:01] Pulling 5m data for ETHUSDT
[2026-03-05 12:19:02] ✅ Successfully pulled 100 5m candles
[2026-03-05 12:19:02] ============================================================
[2026-03-05 12:19:02] ✅ NORMAL mode complete - 5m data updated
[2026-03-05 12:19:02] ============================================================
[2026-03-05 12:20:01] ============================================================
[2026-03-05 12:20:01] DYNAMIC DATA PULLER STARTING
[2026-03-05 12:20:01] ============================================================
[2026-03-05 12:20:01] Mode: NORMAL (pulling 5m data)
[2026-03-05 12:20:01] Pulling 5m data for ETHUSDT
[2026-03-05 12:20:01] ✅ Successfully pulled 100 5m candles
[2026-03-05 12:20:01] ============================================================
[2026-03-05 12:20:01] ✅ NORMAL mode complete - 5m data updated
[2026-03-05 12:20:01] ============================================================
[2026-03-05 12:21:01] ============================================================
[2026-03-05 12:21:01] DYNAMIC DATA PULLER STARTING
[2026-03-05 12:21:01] ============================================================
[2026-03-05 12:21:01] Mode: NORMAL (pulling 5m data)
[2026-03-05 12:21:01] Pulling 5m data for ETHUSDT
[2026-03-05 12:21:01] ✅ Successfully pulled 100 5m candles
[2026-03-05 12:21:01] ============================================================
[2026-03-05 12:21:01] ✅ NORMAL mode complete - 5m data updated
[2026-03-05 12:21:01] ============================================================
[2026-03-05 12:22:01] ============================================================
[2026-03-05 12:22:01] DYNAMIC DATA PULLER STARTING
[2026-03-05 12:22:01] ============================================================
[2026-03-05 12:22:01] Mode: NORMAL (pulling 5m data)
[2026-03-05 12:22:01] Pulling 5m data for ETHUSDT
[2026-03-05 12:22:02] ✅ Successfully pulled 100 5m candles
[2026-03-05 12:22:02] ============================================================
[2026-03-05 12:22:02] ✅ NORMAL mode complete - 5m data updated
[2026-03-05 12:22:02] ============================================================
[2026-03-05 12:23:01] ============================================================
[2026-03-05 12:23:01] DYNAMIC DATA PULLER STARTING
[2026-03-05 12:23:01] ============================================================
[2026-03-05 12:23:01] Mode: NORMAL (pulling 5m data)
[2026-03-05 12:23:01] Pulling 5m data for ETHUSDT
[2026-03-05 12:23:01] ✅ Successfully pulled 100 5m candles
[2026-03-05 12:23:01] ============================================================
[2026-03-05 12:23:01] ✅ NORMAL mode complete - 5m data updated
[2026-03-05 12:23:01] ============================================================
[2026-03-05 12:24:01] ============================================================
[2026-03-05 12:24:01] DYNAMIC DATA PULLER STARTING
[2026-03-05 12:24:01] ============================================================
[2026-03-05 12:24:01] Mode: NORMAL (pulling 5m data)
[2026-03-05 12:24:01] Pulling 5m data for ETHUSDT
[2026-03-05 12:24:01] ✅ Successfully pulled 100 5m candles
[2026-03-05 12:24:01] ============================================================
[2026-03-05 12:24:01] ✅ NORMAL mode complete - 5m data updated
[2026-03-05 12:24:01] ============================================================
[2026-03-05 12:25:01] ============================================================
[2026-03-05 12:25:01] DYNAMIC DATA PULLER STARTING
[2026-03-05 12:25:01] ============================================================
[2026-03-05 12:25:01] Mode: NORMAL (pulling 5m data)
[2026-03-05 12:25:01] Pulling 5m data for ETHUSDT
[2026-03-05 12:25:02] ✅ Successfully pulled 100 5m candles
[2026-03-05 12:25:02] ============================================================
[2026-03-05 12:25:02] ✅ NORMAL mode complete - 5m data updated
[2026-03-05 12:25:02] ============================================================
[2026-03-05 12:26:01] ============================================================
[2026-03-05 12:26:01] DYNAMIC DATA PULLER STARTING
[2026-03-05 12:26:01] ============================================================
[2026-03-05 12:26:01] Mode: NORMAL (pulling 5m data)
[2026-03-05 12:26:01] Pulling 5m data for ETHUSDT
[2026-03-05 12:26:01] ✅ Successfully pulled 100 5m candles
[2026-03-05 12:26:01] ============================================================
[2026-03-05 12:26:01] ✅ NORMAL mode complete - 5m data updated
[2026-03-05 12:26:01] ============================================================
[2026-03-05 12:27:01] ============================================================
[2026-03-05 12:27:01] DYNAMIC DATA PULLER STARTING
[2026-03-05 12:27:01] ============================================================
[2026-03-05 12:27:01] Mode: NORMAL (pulling 5m data)
[2026-03-05 12:27:01] Pulling 5m data for ETHUSDT
[2026-03-05 12:27:01] ✅ Successfully pulled 100 5m candles
[2026-03-05 12:27:01] ============================================================
[2026-03-05 12:27:01] ✅ NORMAL mode complete - 5m data updated
[2026-03-05 12:27:01] ============================================================
[2026-03-05 12:28:01] ============================================================
[2026-03-05 12:28:01] DYNAMIC DATA PULLER STARTING
[2026-03-05 12:28:01] ============================================================
[2026-03-05 12:28:01] Mode: NORMAL (pulling 5m data)
[2026-03-05 12:28:01] Pulling 5m data for ETHUSDT
[2026-03-05 12:28:01] ✅ Successfully pulled 100 5m candles
[2026-03-05 12:28:01] ============================================================
[2026-03-05 12:28:01] ✅ NORMAL mode complete - 5m data updated
[2026-03-05 12:28:01] ============================================================
[2026-03-05 12:28:22] ============================================================
[2026-03-05 12:28:22] DYNAMIC DATA PULLER STARTING
[2026-03-05 12:28:22] ============================================================
[2026-03-05 12:28:22] Mode: NORMAL (pulling 5m data)
[2026-03-05 12:28:22] Pulling 5m data for ETHUSDT
[2026-03-05 12:28:22] ✅ Successfully pulled 100 5m candles
[2026-03-05 12:28:22] ============================================================
[2026-03-05 12:28:22] ✅ NORMAL mode complete - 5m data updated
[2026-03-05 12:28:22] ============================================================
[2026-03-05 12:29:01] ============================================================
[2026-03-05 12:29:01] DYNAMIC DATA PULLER STARTING
[2026-03-05 12:29:01] ============================================================
[2026-03-05 12:29:01] Mode: NORMAL (pulling 5m data)
[2026-03-05 12:29:01] Pulling 5m data for ETHUSDT
[2026-03-05 12:29:02] ✅ Successfully pulled 100 5m candles
[2026-03-05 12:29:02] ============================================================
[2026-03-05 12:29:02] ✅ NORMAL mode complete - 5m data updated
[2026-03-05 12:29:02] ============================================================
[2026-03-05 12:30:01] ============================================================
[2026-03-05 12:30:01] DYNAMIC DATA PULLER STARTING
[2026-03-05 12:30:01] ============================================================
[2026-03-05 12:30:01] Mode: NORMAL (pulling 5m data)
[2026-03-05 12:30:01] Pulling 5m data for ETHUSDT
[2026-03-05 12:30:01] ✅ Successfully pulled 100 5m candles
[2026-03-05 12:30:01] ============================================================
[2026-03-05 12:30:01] ✅ NORMAL mode complete - 5m data updated
[2026-03-05 12:30:01] ============================================================
[2026-03-05 12:31:01] ============================================================
[2026-03-05 12:31:01] DYNAMIC DATA PULLER STARTING
[2026-03-05 12:31:01] ============================================================
[2026-03-05 12:31:01] Mode: NORMAL (pulling 5m data)
[2026-03-05 12:31:01] Pulling 5m data for ETHUSDT
[2026-03-05 12:31:01] ✅ Successfully pulled 100 5m candles
[2026-03-05 12:31:01] ============================================================
[2026-03-05 12:31:01] ✅ NORMAL mode complete - 5m data updated
[2026-03-05 12:31:01] ============================================================
