[2026-03-31 00:05:01] ==========================================
[2026-03-31 00:05:01] Starting ETHUSDT Daily Data Update
[2026-03-31 00:05:01] ==========================================
[2026-03-31 00:05:01] Running 1-hour data update...
[2026-03-31 00:05:03] 1-hour update completed successfully
[2026-03-31 00:05:03] Running weekly data update...
[2026-03-31 00:05:05] Weekly update completed successfully
[2026-03-31 00:05:05] ==========================================
[2026-03-31 00:05:05] Daily update completed successfully!
[2026-03-31 00:05:05] ==========================================
[2026-04-01 00:05:01] ==========================================
[2026-04-01 00:05:01] Starting ETHUSDT Daily Data Update
[2026-04-01 00:05:01] ==========================================
[2026-04-01 00:05:01] Running 1-hour data update...
[2026-04-01 00:05:04] 1-hour update completed successfully
[2026-04-01 00:05:04] Running weekly data update...
[2026-04-01 00:05:06] Weekly update completed successfully
[2026-04-01 00:05:06] ==========================================
[2026-04-01 00:05:06] Daily update completed successfully!
[2026-04-01 00:05:06] ==========================================
[2026-04-02 00:05:01] ==========================================
[2026-04-02 00:05:01] Starting ETHUSDT Daily Data Update
[2026-04-02 00:05:01] ==========================================
[2026-04-02 00:05:01] Running 1-hour data update...
[2026-04-02 00:05:04] 1-hour update completed successfully
[2026-04-02 00:05:04] Running weekly data update...
[2026-04-02 00:05:05] Weekly update completed successfully
[2026-04-02 00:05:05] ==========================================
[2026-04-02 00:05:05] Daily update completed successfully!
[2026-04-02 00:05:05] ==========================================
[2026-04-03 00:05:01] ==========================================
[2026-04-03 00:05:01] Starting ETHUSDT Daily Data Update
[2026-04-03 00:05:01] ==========================================
[2026-04-03 00:05:01] Running 1-hour data update...
[2026-04-03 00:05:04] 1-hour update completed successfully
[2026-04-03 00:05:04] Running weekly data update...
[2026-04-03 00:05:05] Weekly update completed successfully
[2026-04-03 00:05:05] ==========================================
[2026-04-03 00:05:05] Daily update completed successfully!
[2026-04-03 00:05:05] ==========================================
[2026-04-04 00:05:01] ==========================================
[2026-04-04 00:05:01] Starting ETHUSDT Daily Data Update
[2026-04-04 00:05:01] ==========================================
[2026-04-04 00:05:01] Running 1-hour data update...
[2026-04-04 00:05:04] 1-hour update completed successfully
[2026-04-04 00:05:04] Running weekly data update...
[2026-04-04 00:05:05] Weekly update completed successfully
[2026-04-04 00:05:05] ==========================================
[2026-04-04 00:05:05] Daily update completed successfully!
[2026-04-04 00:05:05] ==========================================
[2026-04-05 00:05:02] ==========================================
[2026-04-05 00:05:02] Starting ETHUSDT Daily Data Update
[2026-04-05 00:05:02] ==========================================
[2026-04-05 00:05:02] Running 1-hour data update...
[2026-04-05 00:05:04] 1-hour update completed successfully
[2026-04-05 00:05:04] Running weekly data update...
[2026-04-05 00:05:06] Weekly update completed successfully
[2026-04-05 00:05:06] ==========================================
[2026-04-05 00:05:06] Daily update completed successfully!
[2026-04-05 00:05:06] ==========================================
[2026-04-06 00:05:02] ==========================================
[2026-04-06 00:05:02] Starting ETHUSDT Daily Data Update
[2026-04-06 00:05:02] ==========================================
[2026-04-06 00:05:02] Running 1-hour data update...
[2026-04-06 00:05:05] 1-hour update completed successfully
[2026-04-06 00:05:05] Running weekly data update...
[2026-04-06 00:05:06] Weekly update completed successfully
[2026-04-06 00:05:06] ==========================================
[2026-04-06 00:05:07] Daily update completed successfully!
[2026-04-06 00:05:07] ==========================================
[2026-04-07 00:05:01] ==========================================
[2026-04-07 00:05:01] Starting ETHUSDT Daily Data Update
[2026-04-07 00:05:01] ==========================================
[2026-04-07 00:05:01] Running 1-hour data update...
[2026-04-07 00:05:03] 1-hour update completed successfully
[2026-04-07 00:05:03] Running weekly data update...
[2026-04-07 00:05:04] Weekly update completed successfully
[2026-04-07 00:05:04] ==========================================
[2026-04-07 00:05:04] Daily update completed successfully!
[2026-04-07 00:05:04] ==========================================
