[2026-03-23 00:08:03] ==================================================
[2026-03-23 00:08:03] Starting ETHUSDT Weekly Data Update
[2026-03-23 00:08:03] ==================================================
[2026-03-23 00:08:03] Fetching weekly K-line data from Binance...
[2026-03-23 00:08:04] Fetched 449 weekly data points
[2026-03-23 00:08:04] Calculating technical indicators...
[2026-03-23 00:08:04] Generating trading signals...
[2026-03-23 00:08:04] Data saved to /root/.openclaw/workspace/data/ethusdt/ethusdt_weekly.csv
[2026-03-23 00:08:04] Metrics saved to /root/.openclaw/workspace/data/ethusdt/ethusdt_weekly_metrics.json
[2026-03-23 00:08:04] --------------------------------------------------
[2026-03-23 00:08:04] Current Price: $2081.82
[2026-03-23 00:08:04] Weekly Change: -4.4291%
[2026-03-23 00:08:04] Yearly Change: 3.7802%
[2026-03-23 00:08:04] RSI(14): 27.41
[2026-03-23 00:08:04] MACD Hist: -80.2204
[2026-03-23 00:08:04] Signals: {'ema_trend': 'bearish', 'long_term_trend': 'bearish', 'rsi_signal': 'oversold', 'macd_signal': 'bearish', 'bb_signal': 'middle', 'volume_signal': 'normal'}
[2026-03-23 00:08:04] --------------------------------------------------
[2026-03-23 00:08:04] Weekly update completed successfully!
[2026-03-23 00:08:04] 
[2026-03-23 00:08:58] ==================================================
[2026-03-23 00:08:58] Starting ETHUSDT Weekly Data Update
[2026-03-23 00:08:58] ==================================================
[2026-03-23 00:08:58] Fetching weekly K-line data from Binance...
[2026-03-23 00:08:58] Fetched 449 weekly data points
[2026-03-23 00:08:58] Calculating technical indicators...
[2026-03-23 00:08:58] Generating trading signals...
[2026-03-23 00:08:58] Data saved to /root/.openclaw/workspace/data/ethusdt/ethusdt_weekly.csv
[2026-03-23 00:08:58] Metrics saved to /root/.openclaw/workspace/data/ethusdt/ethusdt_weekly_metrics.json
[2026-03-23 00:08:58] --------------------------------------------------
[2026-03-23 00:08:58] Current Price: $2082.69
[2026-03-23 00:08:58] Weekly Change: -4.3892%
[2026-03-23 00:08:58] Yearly Change: 3.8235%
[2026-03-23 00:08:58] RSI(14): 27.42
[2026-03-23 00:08:58] MACD Hist: -80.1648
[2026-03-23 00:08:58] Signals: {'ema_trend': 'bearish', 'long_term_trend': 'bearish', 'rsi_signal': 'oversold', 'macd_signal': 'bearish', 'bb_signal': 'middle', 'volume_signal': 'normal'}
[2026-03-23 00:08:58] --------------------------------------------------
[2026-03-23 00:08:58] Weekly update completed successfully!
[2026-03-23 00:08:58] 
[2026-03-25 00:05:23] ==================================================
[2026-03-25 00:05:23] Starting ETHUSDT Weekly Data Update
[2026-03-25 00:05:23] ==================================================
[2026-03-25 00:05:23] Fetching weekly K-line data from Binance...
[2026-03-25 00:05:23] Fetched 450 weekly data points
[2026-03-25 00:05:23] Calculating technical indicators...
[2026-03-25 00:05:23] Generating trading signals...
[2026-03-25 00:05:23] Data saved to /root/.openclaw/workspace/data/ethusdt/ethusdt_weekly.csv
[2026-03-25 00:05:23] Metrics saved to /root/.openclaw/workspace/data/ethusdt/ethusdt_weekly_metrics.json
[2026-03-25 00:05:23] --------------------------------------------------
[2026-03-25 00:05:23] Current Price: $2135.03
[2026-03-25 00:05:23] Weekly Change: 3.9506%
[2026-03-25 00:05:23] Yearly Change: 18.1049%
[2026-03-25 00:05:23] RSI(14): 30.48
[2026-03-25 00:05:23] MACD Hist: -55.9723
[2026-03-25 00:05:23] Signals: {'ema_trend': 'bearish', 'long_term_trend': 'bearish', 'rsi_signal': 'neutral', 'macd_signal': 'bearish', 'bb_signal': 'middle', 'volume_signal': 'low'}
[2026-03-25 00:05:23] --------------------------------------------------
[2026-03-25 00:05:23] Weekly update completed successfully!
[2026-03-25 00:05:23] 
[2026-03-27 00:05:19] ==================================================
[2026-03-27 00:05:19] Starting ETHUSDT Weekly Data Update
[2026-03-27 00:05:19] ==================================================
[2026-03-27 00:05:19] Fetching weekly K-line data from Binance...
[2026-03-27 00:05:19] Fetched 450 weekly data points
[2026-03-27 00:05:19] Calculating technical indicators...
[2026-03-27 00:05:19] Generating trading signals...
[2026-03-27 00:05:19] Data saved to /root/.openclaw/workspace/data/ethusdt/ethusdt_weekly.csv
[2026-03-27 00:05:19] Metrics saved to /root/.openclaw/workspace/data/ethusdt/ethusdt_weekly_metrics.json
[2026-03-27 00:05:19] --------------------------------------------------
[2026-03-27 00:05:19] Current Price: $2068.31
[2026-03-27 00:05:19] Weekly Change: 0.7021%
[2026-03-27 00:05:19] Yearly Change: 14.4141%
[2026-03-27 00:05:19] RSI(14): 28.32
[2026-03-27 00:05:19] MACD Hist: -60.2302
[2026-03-27 00:05:19] Signals: {'ema_trend': 'bearish', 'long_term_trend': 'bearish', 'rsi_signal': 'oversold', 'macd_signal': 'bearish', 'bb_signal': 'middle', 'volume_signal': 'low'}
[2026-03-27 00:05:19] --------------------------------------------------
[2026-03-27 00:05:19] Weekly update completed successfully!
[2026-03-27 00:05:19] 
[2026-03-30 00:05:10] ==================================================
[2026-03-30 00:05:10] Starting ETHUSDT Weekly Data Update
[2026-03-30 00:05:10] ==================================================
[2026-03-30 00:05:10] Fetching weekly K-line data from Binance...
[2026-03-30 00:05:10] Fetched 450 weekly data points
[2026-03-30 00:05:10] Calculating technical indicators...
[2026-03-30 00:05:10] Generating trading signals...
[2026-03-30 00:05:10] Data saved to /root/.openclaw/workspace/data/ethusdt/ethusdt_weekly.csv
[2026-03-30 00:05:10] Metrics saved to /root/.openclaw/workspace/data/ethusdt/ethusdt_weekly_metrics.json
[2026-03-30 00:05:10] --------------------------------------------------
[2026-03-30 00:05:10] Current Price: $1992.11
[2026-03-30 00:05:10] Weekly Change: -3.008%
[2026-03-30 00:05:10] Yearly Change: 10.1989%
[2026-03-30 00:05:10] RSI(14): 27.06
[2026-03-30 00:05:10] MACD Hist: -65.0931
[2026-03-30 00:05:10] Signals: {'ema_trend': 'bearish', 'long_term_trend': 'bearish', 'rsi_signal': 'oversold', 'macd_signal': 'bearish', 'bb_signal': 'middle', 'volume_signal': 'normal'}
[2026-03-30 00:05:10] --------------------------------------------------
[2026-03-30 00:05:10] Weekly update completed successfully!
[2026-03-30 00:05:10] 
[2026-03-31 00:05:04] ==================================================
[2026-03-31 00:05:04] Starting ETHUSDT Weekly Data Update
[2026-03-31 00:05:04] ==================================================
[2026-03-31 00:05:04] Fetching weekly K-line data from Binance...
[2026-03-31 00:05:05] Fetched 451 weekly data points
[2026-03-31 00:05:05] Calculating technical indicators...
[2026-03-31 00:05:05] Generating trading signals...
[2026-03-31 00:05:05] Data saved to /root/.openclaw/workspace/data/ethusdt/ethusdt_weekly.csv
[2026-03-31 00:05:05] Metrics saved to /root/.openclaw/workspace/data/ethusdt/ethusdt_weekly_metrics.json
[2026-03-31 00:05:05] --------------------------------------------------
[2026-03-31 00:05:05] Current Price: $2067.4
[2026-03-31 00:05:05] Weekly Change: 4.17%
[2026-03-31 00:05:05] Yearly Change: 30.7852%
[2026-03-31 00:05:05] RSI(14): 30.28
[2026-03-31 00:05:05] MACD Hist: -43.6089
[2026-03-31 00:05:05] Signals: {'ema_trend': 'bearish', 'long_term_trend': 'bearish', 'rsi_signal': 'neutral', 'macd_signal': 'bearish', 'bb_signal': 'middle', 'volume_signal': 'low'}
[2026-03-31 00:05:05] --------------------------------------------------
[2026-03-31 00:05:05] Weekly update completed successfully!
[2026-03-31 00:05:05] 
[2026-04-01 00:05:05] ==================================================
[2026-04-01 00:05:05] Starting ETHUSDT Weekly Data Update
[2026-04-01 00:05:05] ==================================================
[2026-04-01 00:05:05] Fetching weekly K-line data from Binance...
[2026-04-01 00:05:05] Fetched 451 weekly data points
[2026-04-01 00:05:05] Calculating technical indicators...
[2026-04-01 00:05:05] Generating trading signals...
[2026-04-01 00:05:05] Data saved to /root/.openclaw/workspace/data/ethusdt/ethusdt_weekly.csv
[2026-04-01 00:05:05] Metrics saved to /root/.openclaw/workspace/data/ethusdt/ethusdt_weekly_metrics.json
[2026-04-01 00:05:05] --------------------------------------------------
[2026-04-01 00:05:05] Current Price: $2059.17
[2026-04-01 00:05:05] Weekly Change: 3.7553%
[2026-04-01 00:05:05] Yearly Change: 30.2646%
[2026-04-01 00:05:05] RSI(14): 30.02
[2026-04-01 00:05:05] MACD Hist: -44.1341
[2026-04-01 00:05:05] Signals: {'ema_trend': 'bearish', 'long_term_trend': 'bearish', 'rsi_signal': 'neutral', 'macd_signal': 'bearish', 'bb_signal': 'middle', 'volume_signal': 'low'}
[2026-04-01 00:05:05] --------------------------------------------------
[2026-04-01 00:05:05] Weekly update completed successfully!
[2026-04-01 00:05:05] 
[2026-04-02 00:05:05] ==================================================
[2026-04-02 00:05:05] Starting ETHUSDT Weekly Data Update
[2026-04-02 00:05:05] ==================================================
[2026-04-02 00:05:05] Fetching weekly K-line data from Binance...
[2026-04-02 00:05:05] Fetched 451 weekly data points
[2026-04-02 00:05:05] Calculating technical indicators...
[2026-04-02 00:05:05] Generating trading signals...
[2026-04-02 00:05:05] Data saved to /root/.openclaw/workspace/data/ethusdt/ethusdt_weekly.csv
[2026-04-02 00:05:05] Metrics saved to /root/.openclaw/workspace/data/ethusdt/ethusdt_weekly_metrics.json
[2026-04-02 00:05:05] --------------------------------------------------
[2026-04-02 00:05:05] Current Price: $2129.92
[2026-04-02 00:05:05] Weekly Change: 7.3202%
[2026-04-02 00:05:05] Yearly Change: 34.7403%
[2026-04-02 00:05:05] RSI(14): 32.17
[2026-04-02 00:05:05] MACD Hist: -39.619
[2026-04-02 00:05:05] Signals: {'ema_trend': 'bearish', 'long_term_trend': 'bearish', 'rsi_signal': 'neutral', 'macd_signal': 'bearish', 'bb_signal': 'middle', 'volume_signal': 'low'}
[2026-04-02 00:05:05] --------------------------------------------------
[2026-04-02 00:05:05] Weekly update completed successfully!
[2026-04-02 00:05:05] 
[2026-04-03 00:05:05] ==================================================
[2026-04-03 00:05:05] Starting ETHUSDT Weekly Data Update
[2026-04-03 00:05:05] ==================================================
[2026-04-03 00:05:05] Fetching weekly K-line data from Binance...
[2026-04-03 00:05:05] Fetched 451 weekly data points
[2026-04-03 00:05:05] Calculating technical indicators...
[2026-04-03 00:05:05] Generating trading signals...
[2026-04-03 00:05:05] Data saved to /root/.openclaw/workspace/data/ethusdt/ethusdt_weekly.csv
[2026-04-03 00:05:05] Metrics saved to /root/.openclaw/workspace/data/ethusdt/ethusdt_weekly_metrics.json
[2026-04-03 00:05:05] --------------------------------------------------
[2026-04-03 00:05:05] Current Price: $2056.46
[2026-04-03 00:05:05] Weekly Change: 3.6188%
[2026-04-03 00:05:05] Yearly Change: 30.0931%
[2026-04-03 00:05:05] RSI(14): 29.94
[2026-04-03 00:05:05] MACD Hist: -44.307
[2026-04-03 00:05:05] Signals: {'ema_trend': 'bearish', 'long_term_trend': 'bearish', 'rsi_signal': 'oversold', 'macd_signal': 'bearish', 'bb_signal': 'middle', 'volume_signal': 'low'}
[2026-04-03 00:05:05] --------------------------------------------------
[2026-04-03 00:05:05] Weekly update completed successfully!
[2026-04-03 00:05:05] 
[2026-04-04 00:05:05] ==================================================
[2026-04-04 00:05:05] Starting ETHUSDT Weekly Data Update
[2026-04-04 00:05:05] ==================================================
[2026-04-04 00:05:05] Fetching weekly K-line data from Binance...
[2026-04-04 00:05:05] Fetched 451 weekly data points
[2026-04-04 00:05:05] Calculating technical indicators...
[2026-04-04 00:05:05] Generating trading signals...
[2026-04-04 00:05:05] Data saved to /root/.openclaw/workspace/data/ethusdt/ethusdt_weekly.csv
[2026-04-04 00:05:05] Metrics saved to /root/.openclaw/workspace/data/ethusdt/ethusdt_weekly_metrics.json
[2026-04-04 00:05:05] --------------------------------------------------
[2026-04-04 00:05:05] Current Price: $2052.57
[2026-04-04 00:05:05] Weekly Change: 3.4228%
[2026-04-04 00:05:05] Yearly Change: 29.847%
[2026-04-04 00:05:05] RSI(14): 29.82
[2026-04-04 00:05:05] MACD Hist: -44.5553
[2026-04-04 00:05:05] Signals: {'ema_trend': 'bearish', 'long_term_trend': 'bearish', 'rsi_signal': 'oversold', 'macd_signal': 'bearish', 'bb_signal': 'middle', 'volume_signal': 'low'}
[2026-04-04 00:05:05] --------------------------------------------------
[2026-04-04 00:05:05] Weekly update completed successfully!
[2026-04-04 00:05:05] 
[2026-04-05 00:05:05] ==================================================
[2026-04-05 00:05:05] Starting ETHUSDT Weekly Data Update
[2026-04-05 00:05:05] ==================================================
[2026-04-05 00:05:05] Fetching weekly K-line data from Binance...
[2026-04-05 00:05:05] Fetched 451 weekly data points
[2026-04-05 00:05:05] Calculating technical indicators...
[2026-04-05 00:05:05] Generating trading signals...
[2026-04-05 00:05:05] Data saved to /root/.openclaw/workspace/data/ethusdt/ethusdt_weekly.csv
[2026-04-05 00:05:05] Metrics saved to /root/.openclaw/workspace/data/ethusdt/ethusdt_weekly_metrics.json
[2026-04-05 00:05:05] --------------------------------------------------
[2026-04-05 00:05:05] Current Price: $2054.92
[2026-04-05 00:05:05] Weekly Change: 3.5412%
[2026-04-05 00:05:05] Yearly Change: 29.9957%
[2026-04-05 00:05:05] RSI(14): 29.89
[2026-04-05 00:05:05] MACD Hist: -44.4053
[2026-04-05 00:05:05] Signals: {'ema_trend': 'bearish', 'long_term_trend': 'bearish', 'rsi_signal': 'oversold', 'macd_signal': 'bearish', 'bb_signal': 'middle', 'volume_signal': 'low'}
[2026-04-05 00:05:05] --------------------------------------------------
[2026-04-05 00:05:05] Weekly update completed successfully!
[2026-04-05 00:05:05] 
[2026-04-06 00:05:04] ==================================================
[2026-04-06 00:05:04] Starting ETHUSDT Weekly Data Update
[2026-04-06 00:05:04] ==================================================
[2026-04-06 00:05:04] Fetching weekly K-line data from Binance...
[2026-04-06 00:05:04] Fetched 451 weekly data points
[2026-04-06 00:05:04] Calculating technical indicators...
[2026-04-06 00:05:05] Generating trading signals...
[2026-04-06 00:05:05] Data saved to /root/.openclaw/workspace/data/ethusdt/ethusdt_weekly.csv
[2026-04-06 00:05:05] Metrics saved to /root/.openclaw/workspace/data/ethusdt/ethusdt_weekly_metrics.json
[2026-04-06 00:05:05] --------------------------------------------------
[2026-04-06 00:05:05] Current Price: $2055.99
[2026-04-06 00:05:05] Weekly Change: 3.5951%
[2026-04-06 00:05:05] Yearly Change: 30.0634%
[2026-04-06 00:05:05] RSI(14): 29.92
[2026-04-06 00:05:05] MACD Hist: -44.337
[2026-04-06 00:05:05] Signals: {'ema_trend': 'bearish', 'long_term_trend': 'bearish', 'rsi_signal': 'oversold', 'macd_signal': 'bearish', 'bb_signal': 'middle', 'volume_signal': 'low'}
[2026-04-06 00:05:05] --------------------------------------------------
[2026-04-06 00:05:05] Weekly update completed successfully!
[2026-04-06 00:05:05] 
[2026-04-06 00:05:06] ==================================================
[2026-04-06 00:05:06] Starting ETHUSDT Weekly Data Update
[2026-04-06 00:05:06] ==================================================
[2026-04-06 00:05:06] Fetching weekly K-line data from Binance...
[2026-04-06 00:05:06] Fetched 451 weekly data points
[2026-04-06 00:05:06] Calculating technical indicators...
[2026-04-06 00:05:06] Generating trading signals...
[2026-04-06 00:05:06] Data saved to /root/.openclaw/workspace/data/ethusdt/ethusdt_weekly.csv
[2026-04-06 00:05:06] Metrics saved to /root/.openclaw/workspace/data/ethusdt/ethusdt_weekly_metrics.json
[2026-04-06 00:05:06] --------------------------------------------------
[2026-04-06 00:05:06] Current Price: $2056.0
[2026-04-06 00:05:06] Weekly Change: 3.5956%
[2026-04-06 00:05:06] Yearly Change: 30.064%
[2026-04-06 00:05:06] RSI(14): 29.92
[2026-04-06 00:05:06] MACD Hist: -44.3364
[2026-04-06 00:05:06] Signals: {'ema_trend': 'bearish', 'long_term_trend': 'bearish', 'rsi_signal': 'oversold', 'macd_signal': 'bearish', 'bb_signal': 'middle', 'volume_signal': 'low'}
[2026-04-06 00:05:06] --------------------------------------------------
[2026-04-06 00:05:06] Weekly update completed successfully!
[2026-04-06 00:05:06] 
[2026-04-07 00:05:04] ==================================================
[2026-04-07 00:05:04] Starting ETHUSDT Weekly Data Update
[2026-04-07 00:05:04] ==================================================
[2026-04-07 00:05:04] Fetching weekly K-line data from Binance...
[2026-04-07 00:05:04] Fetched 452 weekly data points
[2026-04-07 00:05:04] Calculating technical indicators...
[2026-04-07 00:05:04] Generating trading signals...
[2026-04-07 00:05:04] Data saved to /root/.openclaw/workspace/data/ethusdt/ethusdt_weekly.csv
[2026-04-07 00:05:04] Metrics saved to /root/.openclaw/workspace/data/ethusdt/ethusdt_weekly_metrics.json
[2026-04-07 00:05:04] --------------------------------------------------
[2026-04-07 00:05:04] Current Price: $2164.59
[2026-04-07 00:05:04] Weekly Change: 2.5789%
[2026-04-07 00:05:04] Yearly Change: 35.4765%
[2026-04-07 00:05:04] RSI(14): 27.14
[2026-04-07 00:05:04] MACD Hist: -16.7525
[2026-04-07 00:05:04] Signals: {'ema_trend': 'bearish', 'long_term_trend': 'bearish', 'rsi_signal': 'oversold', 'macd_signal': 'bearish', 'bb_signal': 'middle', 'volume_signal': 'low'}
[2026-04-07 00:05:04] --------------------------------------------------
[2026-04-07 00:05:04] Weekly update completed successfully!
[2026-04-07 00:05:04] 
