/bin/bash: line 1: /root/.openclaw/workspace/scripts/update_15m_ethusdt.sh: No such file or directory
/bin/bash: line 1: /root/.openclaw/workspace/scripts/update_15m_ethusdt.sh: No such file or directory
/bin/bash: line 1: /root/.openclaw/workspace/scripts/update_15m_ethusdt.sh: No such file or directory
/bin/bash: line 1: /root/.openclaw/workspace/scripts/update_15m_ethusdt.sh: No such file or directory
/bin/bash: line 1: /root/.openclaw/workspace/scripts/update_15m_ethusdt.sh: No such file or directory
/bin/bash: line 1: /root/.openclaw/workspace/scripts/update_15m_ethusdt.sh: No such file or directory
/bin/bash: line 1: /root/.openclaw/workspace/scripts/update_15m_ethusdt.sh: No such file or directory
/bin/bash: line 1: /root/.openclaw/workspace/scripts/update_15m_ethusdt.sh: No such file or directory
/bin/bash: line 1: /root/.openclaw/workspace/scripts/update_15m_ethusdt.sh: No such file or directory
/bin/bash: line 1: /root/.openclaw/workspace/scripts/update_15m_ethusdt.sh: No such file or directory
/bin/bash: line 1: /root/.openclaw/workspace/scripts/update_15m_ethusdt.sh: No such file or directory
/bin/bash: line 1: /root/.openclaw/workspace/scripts/update_15m_ethusdt.sh: No such file or directory
/bin/bash: line 1: /root/.openclaw/workspace/scripts/update_15m_ethusdt.sh: No such file or directory
/bin/bash: line 1: /root/.openclaw/workspace/scripts/update_15m_ethusdt.sh: No such file or directory
/bin/bash: line 1: /root/.openclaw/workspace/scripts/update_15m_ethusdt.sh: No such file or directory
/bin/bash: line 1: /root/.openclaw/workspace/scripts/update_15m_ethusdt.sh: No such file or directory
/bin/bash: line 1: /root/.openclaw/workspace/scripts/update_15m_ethusdt.sh: No such file or directory
/bin/bash: line 1: /root/.openclaw/workspace/scripts/update_15m_ethusdt.sh: No such file or directory
/bin/bash: line 1: /root/.openclaw/workspace/scripts/update_15m_ethusdt.sh: No such file or directory
/bin/bash: line 1: /root/.openclaw/workspace/scripts/update_15m_ethusdt.sh: No such file or directory
/bin/bash: line 1: /root/.openclaw/workspace/scripts/update_15m_ethusdt.sh: No such file or directory
/bin/bash: line 1: /root/.openclaw/workspace/scripts/update_15m_ethusdt.sh: No such file or directory
/bin/bash: line 1: /root/.openclaw/workspace/scripts/update_15m_ethusdt.sh: No such file or directory
/bin/bash: line 1: /root/.openclaw/workspace/scripts/update_15m_ethusdt.sh: No such file or directory
/bin/bash: line 1: /root/.openclaw/workspace/scripts/update_15m_ethusdt.sh: No such file or directory
/bin/bash: line 1: /root/.openclaw/workspace/scripts/update_15m_ethusdt.sh: No such file or directory
/bin/bash: line 1: /root/.openclaw/workspace/scripts/update_15m_ethusdt.sh: No such file or directory
/bin/bash: line 1: /root/.openclaw/workspace/scripts/update_15m_ethusdt.sh: No such file or directory
/bin/bash: line 1: /root/.openclaw/workspace/scripts/update_15m_ethusdt.sh: No such file or directory
/bin/bash: line 1: /root/.openclaw/workspace/scripts/update_15m_ethusdt.sh: No such file or directory
/bin/bash: line 1: /root/.openclaw/workspace/scripts/update_15m_ethusdt.sh: No such file or directory
/bin/bash: line 1: /root/.openclaw/workspace/scripts/update_15m_ethusdt.sh: No such file or directory
/bin/bash: line 1: /root/.openclaw/workspace/scripts/update_15m_ethusdt.sh: No such file or directory
/bin/bash: line 1: /root/.openclaw/workspace/scripts/update_15m_ethusdt.sh: No such file or directory
/bin/bash: line 1: /root/.openclaw/workspace/scripts/update_15m_ethusdt.sh: No such file or directory
/bin/bash: line 1: /root/.openclaw/workspace/scripts/update_15m_ethusdt.sh: No such file or directory
/bin/bash: line 1: /root/.openclaw/workspace/scripts/update_15m_ethusdt.sh: No such file or directory
/bin/bash: line 1: /root/.openclaw/workspace/scripts/update_15m_ethusdt.sh: No such file or directory
/bin/bash: line 1: /root/.openclaw/workspace/scripts/update_15m_ethusdt.sh: No such file or directory
/bin/bash: line 1: /root/.openclaw/workspace/scripts/update_15m_ethusdt.sh: No such file or directory
/bin/bash: line 1: /root/.openclaw/workspace/scripts/update_15m_ethusdt.sh: No such file or directory
/bin/bash: line 1: /root/.openclaw/workspace/scripts/update_15m_ethusdt.sh: No such file or directory
/bin/bash: line 1: /root/.openclaw/workspace/scripts/update_15m_ethusdt.sh: No such file or directory
/bin/bash: line 1: /root/.openclaw/workspace/scripts/update_15m_ethusdt.sh: No such file or directory
/bin/bash: line 1: /root/.openclaw/workspace/scripts/update_15m_ethusdt.sh: No such file or directory
/bin/bash: line 1: /root/.openclaw/workspace/scripts/update_15m_ethusdt.sh: No such file or directory
/bin/bash: line 1: /root/.openclaw/workspace/scripts/update_15m_ethusdt.sh: No such file or directory
/bin/bash: line 1: /root/.openclaw/workspace/scripts/update_15m_ethusdt.sh: No such file or directory
/bin/bash: line 1: /root/.openclaw/workspace/scripts/update_15m_ethusdt.sh: No such file or directory
/bin/bash: line 1: /root/.openclaw/workspace/scripts/update_15m_ethusdt.sh: No such file or directory
/bin/bash: line 1: /root/.openclaw/workspace/scripts/update_15m_ethusdt.sh: No such file or directory
/bin/bash: line 1: /root/.openclaw/workspace/scripts/update_15m_ethusdt.sh: No such file or directory
/bin/bash: line 1: /root/.openclaw/workspace/scripts/update_15m_ethusdt.sh: No such file or directory
/bin/bash: line 1: /root/.openclaw/workspace/scripts/update_15m_ethusdt.sh: No such file or directory
/bin/bash: line 1: /root/.openclaw/workspace/scripts/update_15m_ethusdt.sh: No such file or directory
/bin/bash: line 1: /root/.openclaw/workspace/scripts/update_15m_ethusdt.sh: No such file or directory
/bin/bash: line 1: /root/.openclaw/workspace/scripts/update_15m_ethusdt.sh: No such file or directory
/bin/bash: line 1: /root/.openclaw/workspace/scripts/update_15m_ethusdt.sh: No such file or directory
/bin/bash: line 1: /root/.openclaw/workspace/scripts/update_15m_ethusdt.sh: No such file or directory
/bin/bash: line 1: /root/.openclaw/workspace/scripts/update_15m_ethusdt.sh: No such file or directory
/bin/bash: line 1: /root/.openclaw/workspace/scripts/update_15m_ethusdt.sh: No such file or directory
/bin/bash: line 1: /root/.openclaw/workspace/scripts/update_15m_ethusdt.sh: No such file or directory
/bin/bash: line 1: /root/.openclaw/workspace/scripts/update_15m_ethusdt.sh: No such file or directory
/bin/bash: line 1: /root/.openclaw/workspace/scripts/update_15m_ethusdt.sh: No such file or directory
/bin/bash: line 1: /root/.openclaw/workspace/scripts/update_15m_ethusdt.sh: No such file or directory
/bin/bash: line 1: /root/.openclaw/workspace/scripts/update_15m_ethusdt.sh: No such file or directory
/bin/bash: line 1: /root/.openclaw/workspace/scripts/update_15m_ethusdt.sh: No such file or directory
/bin/bash: line 1: /root/.openclaw/workspace/scripts/update_15m_ethusdt.sh: No such file or directory
/bin/bash: line 1: /root/.openclaw/workspace/scripts/update_15m_ethusdt.sh: No such file or directory
/bin/bash: line 1: /root/.openclaw/workspace/scripts/update_15m_ethusdt.sh: No such file or directory
/bin/bash: line 1: /root/.openclaw/workspace/scripts/update_15m_ethusdt.sh: No such file or directory
/bin/bash: line 1: /root/.openclaw/workspace/scripts/update_15m_ethusdt.sh: No such file or directory
/bin/bash: line 1: /root/.openclaw/workspace/scripts/update_15m_ethusdt.sh: No such file or directory
/bin/bash: line 1: /root/.openclaw/workspace/scripts/update_15m_ethusdt.sh: No such file or directory
/bin/bash: line 1: /root/.openclaw/workspace/scripts/update_15m_ethusdt.sh: No such file or directory
/bin/bash: line 1: /root/.openclaw/workspace/scripts/update_15m_ethusdt.sh: No such file or directory
/bin/bash: line 1: /root/.openclaw/workspace/scripts/update_15m_ethusdt.sh: No such file or directory
/bin/bash: line 1: /root/.openclaw/workspace/scripts/update_15m_ethusdt.sh: No such file or directory
/bin/bash: line 1: /root/.openclaw/workspace/scripts/update_15m_ethusdt.sh: No such file or directory
/bin/bash: line 1: /root/.openclaw/workspace/scripts/update_15m_ethusdt.sh: No such file or directory
/bin/bash: line 1: /root/.openclaw/workspace/scripts/update_15m_ethusdt.sh: No such file or directory
/bin/bash: line 1: /root/.openclaw/workspace/scripts/update_15m_ethusdt.sh: No such file or directory
/bin/bash: line 1: /root/.openclaw/workspace/scripts/update_15m_ethusdt.sh: No such file or directory
/bin/bash: line 1: /root/.openclaw/workspace/scripts/update_15m_ethusdt.sh: No such file or directory
/bin/bash: line 1: /root/.openclaw/workspace/scripts/update_15m_ethusdt.sh: No such file or directory
/bin/bash: line 1: /root/.openclaw/workspace/scripts/update_15m_ethusdt.sh: No such file or directory
/bin/bash: line 1: /root/.openclaw/workspace/scripts/update_15m_ethusdt.sh: No such file or directory
/bin/bash: line 1: /root/.openclaw/workspace/scripts/update_15m_ethusdt.sh: No such file or directory
[Sun Mar  8 04:50:01 AM CST 2026] Starting 15m update...
python3: can't open file '/root/.openclaw/workspaces/ETHUSDT_TradeBot/scripts/fetch_15m_ethusdt.py': [Errno 2] No such file or directory
[Sun Mar  8 04:50:01 AM CST 2026] Updating indicators incrementally...
/root/.openclaw/workspaces/ETHUSDT_TradeBot/scripts/incremental_indicator_update.py:27: DtypeWarning: Columns (0: close_time) have mixed types. Specify dtype option on import or set low_memory=False.
  df_raw = pd.read_csv(raw_file)
/root/.openclaw/workspaces/ETHUSDT_TradeBot/scripts/incremental_indicator_update.py:32: DtypeWarning: Columns (0: close_time) have mixed types. Specify dtype option on import or set low_memory=False.
  df_existing = pd.read_csv(indicator_file)
Using default calculation for 15m
[2026-03-08 04:50:01.642434] Processing 15m...
  No new candles to calculate
[Sun Mar  8 04:50:04 AM CST 2026] Running analysis...
python3: can't open file '/root/.openclaw/workspaces/ETHUSDT_TradeBot/scripts/analyze_15m.py': [Errno 2] No such file or directory
[Sun Mar  8 04:50:04 AM CST 2026] 15M update complete!
